<?xml version="1.0" encoding="UTF-8"?>
<testsuite xmlns:xsi="http://www.w3.org/2001/XMLSchema-instance" xsi:noNamespaceSchemaLocation="https://maven.apache.org/surefire/maven-surefire-plugin/xsd/surefire-test-report-3.0.xsd" version="3.0" name="com.datadog.ase.kubehound.KubeHoundDslTest" time="0.151" tests="4" errors="0" skipped="0" failures="0">
  <properties>
[...]
</properties>
  <testcase name="shouldFindAllPersonsWithTwoOrMoreProjects" classname="com.datadog.ase.kubehound.KubeHoundDslTest" time="0.108"/>
  <testcase name="shouldFindAllPersons" classname="com.datadog.ase.kubehound.KubeHoundDslTest" time="0"/>
  <testcase name="shouldGetAgeOfYoungestFriendOfMarko" classname="com.datadog.ase.kubehound.KubeHoundDslTest" time="0.003"/>
  <testcase name="shouldValidateThatMarkoKnowsJosh" classname="com.datadog.ase.kubehound.KubeHoundDslTest" time="0.002"/>
</testsuite>